mdv_rtl.nxf32270.20_08_28_02_30_53_1311_Dual_Internal-CM33_FlexSPI0_NOR-A35_USDHC0_SD_1434383760.log:11104:UVM_INFO @23480448 END_SIM:    PPPPP      AA        SSSS    SSSS     ; T=46960895
mdv_rtl.nxf32270.20_08_28_02_30_53_1311_Dual-CM33_FlexSPI0_NOR-A35_USDHC0_SD_1726230012.log:11062:UVM_INFO @23523029 END_SIM:    PPPPP      AA        SSSS    SSSS     ; T=47046058
mdv_rtl.nxf32270.20_08_28_02_30_53_1311_Dual_Internal-CM33_FlexSPI0_NOR_SND_4MB_Hash_Corrupt-A35_USDHC0_SD_-1008665316.log:14466:UVM_INFO @35246225 END_SIM:    PPPPP      AA        SSSS    SSSS     ; T=70492449
mdv_rtl.nxf32270.20_08_28_02_30_53_1311_Dual_Internal-CM33_FlexSPI0_NOR_SND_4MB_Data_Corrupt-A35_USDHC0_SD_1606105362.log:14301:UVM_INFO @28261791 END_SIM:    PPPPP      AA        SSSS    SSSS     ; T=56523581
mdv_rtl.nxf32270.20_08_28_02_30_53_1311_Dual_Internal-CM33_FlexSPI0_NOR_Set1_Newer-A35_USDHC0_SD_-361963891.log:11080:UVM_INFO @23490756 END_SIM:    PPPPP      AA        SSSS    SSSS     ; T=46981512
mdv_rtl.nxf32270.20_08_28_02_30_53_1311_Dual_Internal-CM33_FlexSPI0_NOR_Set1_Newer_But_Data_Corrupt-A35_USDHC0_SD_752507514.log:14304:UVM_INFO @28317425 END_SIM:    PPPPP      AA        SSSS    SSSS     ; T=56634850
mdv_rtl.nxf32270.20_08_28_02_30_53_1311_Dual_Internal-CM33_FlexSPI0_NOR_SND_8MB_Data_Corrupt-A35_USDHC0_SD_-166941403.log:14358:UVM_INFO @28286905 END_SIM:    PPPPP      AA        SSSS    SSSS     ; T=56573810
mdv_rtl.nxf32270.20_08_28_02_30_53_1311_Dual_Internal-CM33_FlexSPI0_NOR_SND_4MB_Ctnr_Corrupt-A35_USDHC0_SD_731464827.log:14304:UVM_INFO @32445924 END_SIM:    PPPPP      AA        SSSS    SSSS     ; T=64891847
mdv_rtl.nxf32270.20_08_28_02_30_53_1311_Dual_Internal-CM33_FlexSPI0_NOR-A35_USDHC0_SD-FAB_1743416122.log:11338:UVM_INFO @27514205 END_SIM:    PPPPP      AA        SSSS    SSSS     ; T=55028409
mdv_rtl.nxf32270.20_08_28_02_30_53_1311_Dual_Internal-CM33_FlexSPI0_NOR-A35_USDHC0_SD-NXP_PROV_-1145805893.log:11335:UVM_INFO @27483524 END_SIM:    PPPPP      AA        SSSS    SSSS     ; T=54967048
mdv_rtl.nxf32270.20_08_28_02_30_53_1311_Dual_Internal-CM33_FlexSPI0_NOR_SND_2MB_Data_Corrupt-A35_USDHC0_SD_-579323076.log:14358:UVM_INFO @28297323 END_SIM:    PPPPP      AA        SSSS    SSSS     ; T=56594645
mdv_rtl.nxf32270.20_08_28_02_30_53_1311_Dual_Internal-CM33_FlexSPI0_NOR-A35_USDHC0_SD-OEM_FR_1278913308.log:11104:UVM_INFO @23496491 END_SIM:    PPPPP      AA        SSSS    SSSS     ; T=46992983
mdv_rtl.nxf32270.20_08_28_02_30_53_1311_Dual_Internal-CM33_FlexSPI0_NOR-A35_USDHC0_SD-NXP_FR_-1612172524.log:11338:UVM_INFO @27544842 END_SIM:    PPPPP      AA        SSSS    SSSS     ; T=55089683
mdv_rtl.nxf32270.20_08_28_02_30_53_1311_Dual_Internal-CM33_FlexSPI0_NAND_Mul_Plane_MX35-A35_USDHC0_SD_1981614813.log:9840:UVM_INFO @25353896 END_SIM:    PPPPP      AA        SSSS    SSSS     ; T=50707792
mdv_rtl.nxf32270.20_08_28_02_30_53_1311_Dual_Internal-CM33_FlexSPI0_NAND_SND_4MB_Hash_Corrupt-A35_USDHC0_SD_-960521792.log:11819:UVM_INFO @37190280 END_SIM:    PPPPP      AA        SSSS    SSSS     ; T=74380560
mdv_rtl.nxf32270.20_08_28_02_30_53_1311_Dual_Internal-CM33_FlexSPI0_NAND_SND_4MB_Data_Corrupt-A35_USDHC0_SD_-1270104418.log:11711:UVM_INFO @30279040 END_SIM:    PPPPP      AA        SSSS    SSSS     ; T=60558081
mdv_rtl.nxf32270.20_08_28_02_30_53_1311_Dual_Internal-CM33_FlexSPI0_NAND-A35_USDHC0_SD_-1569179555.log:9810:UVM_INFO @24809295 END_SIM:    PPPPP      AA        SSSS    SSSS     ; T=49618591
mdv_rtl.nxf32270.20_08_28_02_30_53_1311_Dual_Internal-CM33_FlexSPI0_NOR-A35_USDHC0_SD-OEM_LOCKED_1454681612.log:11104:UVM_INFO @23483827 END_SIM:    PPPPP      AA        SSSS    SSSS     ; T=46967654
mdv_rtl.nxf32270.20_08_28_02_30_53_1311_Dual_Internal-CM33_FlexSPI0_NOR-A35_USDHC0_SD-OEM_OPEN_-1332400283.log:11104:UVM_INFO @23500304 END_SIM:    PPPPP      AA        SSSS    SSSS     ; T=47000608
mdv_rtl.nxf32270.20_08_28_02_30_53_1311_Dual_Internal-CM33_FlexSPI0_NAND_4K_SND_4MB_Data_Corrupt-A35_USDHC0_SD_-467830967.log:11581:UVM_INFO @29179014 END_SIM:    PPPPP      AA        SSSS    SSSS     ; T=58358027
mdv_rtl.nxf32270.20_08_28_02_30_53_1311_Dual_Internal-CM33_FlexSPI0_NAND_4K-A35_USDHC0_SD_-21504456.log:9711:UVM_INFO @24127372 END_SIM:    PPPPP      AA        SSSS    SSSS     ; T=48254745
mdv_rtl.nxf32270.20_08_28_02_30_53_1311_Dual_Internal-CM33_FlexSPI0_NAND_Set1_Newer_But_Data_Corrupt-A35_USDHC0_SD_961474772.log:11708:UVM_INFO @30217885 END_SIM:    PPPPP      AA        SSSS    SSSS     ; T=60435770
mdv_rtl.nxf32270.20_08_28_02_30_53_1311_Dual_Internal-CM33_FlexSPI0_NAND_SND_2MB_Data_Corrupt-A35_USDHC0_SD_-1028300099.log:11711:UVM_INFO @30257463 END_SIM:    PPPPP      AA        SSSS    SSSS     ; T=60514925
mdv_rtl.nxf32270.20_08_28_02_30_53_1311_Dual_Internal-CM33_FlexSPI0_NAND_SND_4MB_Ctnr_Corrupt-A35_USDHC0_SD_-1728908819.log:11654:UVM_INFO @34392823 END_SIM:    PPPPP      AA        SSSS    SSSS     ; T=68785646
mdv_rtl.nxf32270.20_08_28_02_30_53_1311_Dual_Internal-CM33_FlexSPI0_NAND-A35_USDHC0_SD-NXP_FR_1958268152.log:10041:UVM_INFO @28798411 END_SIM:    PPPPP      AA        SSSS    SSSS     ; T=57596822
mdv_rtl.nxf32270.20_08_28_02_30_53_1311_Dual_Internal-CM33_FlexSPI0_NAND_Set1_Newer-A35_USDHC0_SD_2146242647.log:9813:UVM_INFO @24872375 END_SIM:    PPPPP      AA        SSSS    SSSS     ; T=49744749
mdv_rtl.nxf32270.20_08_28_02_30_53_1311_Dual_Internal-CM33_FlexSPI0_NAND_SND_8MB_Data_Corrupt-A35_USDHC0_SD_-1405862240.log:11705:UVM_INFO @30195823 END_SIM:    PPPPP      AA        SSSS    SSSS     ; T=60391645
mdv_rtl.nxf32270.20_08_28_02_30_53_1311_Dual_Internal-CM33_FlexSPI0_NAND-A35_USDHC0_SD-OEM_LOCKED_-2075099110.log:9813:UVM_INFO @24859606 END_SIM:    PPPPP      AA        SSSS    SSSS     ; T=49719212
mdv_rtl.nxf32270.20_08_28_02_30_53_1311_Dual_Internal-CM33_FlexSPI0_NAND-A35_USDHC0_SD-FAB_-629013598.log:10041:UVM_INFO @28817915 END_SIM:    PPPPP      AA        SSSS    SSSS     ; T=57635829
mdv_rtl.nxf32270.20_08_28_02_30_53_1311_Dual_Internal-CM33_FlexSPI0_NAND-A35_USDHC0_SD-OEM_FR_-149868529.log:9813:UVM_INFO @24851957 END_SIM:    PPPPP      AA        SSSS    SSSS     ; T=49703913
mdv_rtl.nxf32270.20_08_28_02_30_53_1311_Dual_Internal-CM33_FlexSPI0_NAND-A35_USDHC0_SD-NXP_PROV_-1252380698.log:10041:UVM_INFO @28820587 END_SIM:    PPPPP      AA        SSSS    SSSS     ; T=57641174
mdv_rtl.nxf32270.20_08_28_02_30_53_1311_Dual_Internal-CM33_FlexSPI0_NOR_OTFAD-A35_USDHC0_SD_399120236.log:12018:UVM_INFO @25172555 END_SIM:    PPPPP      AA        SSSS    SSSS     ; T=50345109
mdv_rtl.nxf32270.20_08_28_02_30_53_1311_Dual_Internal-CM33_FlexSPI0_NOR_XIP_OTFAD-A35_USDHC0_SD_602309565.log:12093:UVM_INFO @25383380 END_SIM:    PPPPP      AA        SSSS    SSSS     ; T=50766761
mdv_rtl.nxf32270.20_08_28_02_30_53_1311_Dual_Internal-CM33_FlexSPI0_NOR_XIP_SND_4MB_Hash_Corrupt-A35_USDHC0_SD_1355220476.log:14544:UVM_INFO @35488212 END_SIM:    PPPPP      AA        SSSS    SSSS     ; T=70976423
mdv_rtl.nxf32270.20_08_28_02_30_53_1311_Dual_Internal-CM33_FlexSPI0_NOR_XIP-A35_USDHC0_SD_-1995821396.log:11179:UVM_INFO @23698947 END_SIM:    PPPPP      AA        SSSS    SSSS     ; T=47397894
mdv_rtl.nxf32270.20_08_28_02_30_53_1311_Dual_Internal-CM33_FlexSPI0_NOR_XIP_SND_4MB_Data_Corrupt-A35_USDHC0_SD_-1593532359.log:14430:UVM_INFO @28465540 END_SIM:    PPPPP      AA        SSSS    SSSS     ; T=56931079
mdv_rtl.nxf32270.20_08_28_02_30_53_1311_Dual_Internal-CM33_FlexSPI0_NOR_XIP_SND_4MB_Set1_Newer-A35_USDHC0_SD_468977428.log:11155:UVM_INFO @23683450 END_SIM:    PPPPP      AA        SSSS    SSSS     ; T=47366900
mdv_rtl.nxf32270.20_08_28_02_30_53_1311_Dual_Internal-CM33_FlexSPI0_NOR_XIP_SND_4MB_Ctnr_Corrupt-A35_USDHC0_SD_1659574037.log:14376:UVM_INFO @32620971 END_SIM:    PPPPP      AA        SSSS    SSSS     ; T=65241942
mdv_rtl.nxf32270.20_08_28_02_30_53_1311_Dual_Internal-CM33_FlexSPI0_NOR_XIP_SND_2MB_Data_Corrupt-A35_USDHC0_SD_983532079.log:14433:UVM_INFO @28481082 END_SIM:    PPPPP      AA        SSSS    SSSS     ; T=56962163
mdv_rtl.nxf32270.20_08_28_02_30_53_1311_Dual_Internal-CM33_FlexSPI0_NOR_XIP_SND_4MB_Set1_Newer_But_Data_Corrupt-A35_USDHC0_SD_-1360708353.log:14427:UVM_INFO @28402511 END_SIM:    PPPPP      AA        SSSS    SSSS     ; T=56805022
mdv_rtl.nxf32270.20_08_28_02_30_53_1311_Dual_Internal-CM33_FlexSPI0_NOR_XIP_SND_8MB_Data_Corrupt-A35_USDHC0_SD_113511546.log:14355:UVM_INFO @28227813 END_SIM:    PPPPP      AA        SSSS    SSSS     ; T=56455626
mdv_rtl.nxf32270.20_08_28_02_30_53_1311_Dual_Internal-CM33_FlexSPI0_NOR_XIP-A35_USDHC0_SD-FAB_-2080436330.log:11410:UVM_INFO @27688656 END_SIM:    PPPPP      AA        SSSS    SSSS     ; T=55377312
mdv_rtl.nxf32270.20_08_28_02_30_53_1311_Dual_Internal-CM33_FlexSPI0_NOR_XIP-A35_USDHC0_SD-NXP_FR_-914257034.log:11410:UVM_INFO @27688291 END_SIM:    PPPPP      AA        SSSS    SSSS     ; T=55376582
mdv_rtl.nxf32270.20_08_28_02_30_53_1311_Dual_Internal-CM33_FlexSPI0_NOR_XIP-A35_USDHC0_SD-NXP_PROV_-47431737.log:11410:UVM_INFO @27718087 END_SIM:    PPPPP      AA        SSSS    SSSS     ; T=55436173
mdv_rtl.nxf32270.20_08_28_02_30_53_1311_Dual_Internal-CM33_FlexSPI0_NOR_XIP-A35_USDHC0_SD-OEM_FR_-1924747125.log:11179:UVM_INFO @23710931 END_SIM:    PPPPP      AA        SSSS    SSSS     ; T=47421862
mdv_rtl.nxf32270.20_08_28_02_30_53_1311_Dual_Internal-CM33_FlexSPI0_NOR_XIP-A35_USDHC0_SD-OEM_OPEN_-1102846910.log:11179:UVM_INFO @23698373 END_SIM:    PPPPP      AA        SSSS    SSSS     ; T=47396746
mdv_rtl.nxf32270.20_08_28_02_30_53_1311_Dual_Internal-CM33_FlexSPI0_NOR-A35_USDHC0_eMMC44_-1512562222.log:11098:UVM_INFO @23874841 END_SIM:    PPPPP      AA        SSSS    SSSS     ; T=47749683
mdv_rtl.nxf32270.20_08_28_02_30_53_1311_Dual_Internal-CM33_FlexSPI0_NOR-A35_USDHC0_eMMC44_8bit_DDR_DLL_EN_270124896.log:11084:UVM_INFO @22366379 END_SIM:    PPPPP      AA        SSSS    SSSS     ; T=44732757
mdv_rtl.nxf32270.20_08_28_02_30_53_1311_Dual_Internal-CM33_FlexSPI0_NOR-A35_USDHC0_eMMC44_FB_8bit_DDR_ACK_DLL_EN_OV_1966073391.log:11001:UVM_INFO @22201496 END_SIM:    PPPPP      AA        SSSS    SSSS     ; T=44402993
mdv_rtl.nxf32270.20_08_28_02_30_53_1311_Dual_Internal-CM33_FlexSPI0_NOR-A35_USDHC0_eMMC44_FB_8bit_DDR_ACK_RST_EN_PAD_OV-Usr_Part_1277086560.log:10851:UVM_INFO @22213517 END_SIM:    PPPPP      AA        SSSS    SSSS     ; T=44427035
mdv_rtl.nxf32270.20_08_28_02_30_53_1311_Dual_Internal-CM33_FlexSPI0_NOR-A35_USDHC0_eMMC44_8bit_DDR_775215855.log:11082:UVM_INFO @22401416 END_SIM:    PPPPP      AA        SSSS    SSSS     ; T=44802832
mdv_rtl.nxf32270.20_08_28_02_30_53_1311_Dual_Internal-CM33_FlexSPI0_NOR-A35_USDHC0_eMMC51_8bit_DDR-Boot_1656439244.log:11048:UVM_INFO @22384800 END_SIM:    PPPPP      AA        SSSS    SSSS     ; T=44769601
mdv_rtl.nxf32270.20_08_28_02_30_53_1311_Dual_Internal-CM33_FlexSPI0_NOR-A35_USDHC0_eMMC44_FastBoot_8bit_DDR-Boot_Part_1593359229.log:10773:UVM_INFO @22021043 END_SIM:    PPPPP      AA        SSSS    SSSS     ; T=44042087
mdv_rtl.nxf32270.20_08_28_02_30_53_1311_Dual_Internal-CM33_FlexSPI0_NOR-A35_USDHC0_eMMC_FB_4bit_DDR_NOACK_-130473935.log:10973:UVM_INFO @22465517 END_SIM:    PPPPP      AA        SSSS    SSSS     ; T=44931033
mdv_rtl.nxf32270.20_08_28_02_30_53_1311_Dual_Internal-CM33_FlexSPI0_NOR-A35_USDHC0_eMMC_8bit_DDR_ACK_-1687793208.log:11092:UVM_INFO @22193286 END_SIM:    PPPPP      AA        SSSS    SSSS     ; T=44386572
mdv_rtl.nxf32270.20_08_28_02_30_53_1311_Dual_Internal-CM33_FlexSPI0_NOR-A35_USDHC0_eMMC_FB_4bit_SDR_ACK_1863277211.log:10967:UVM_INFO @24239736 END_SIM:    PPPPP      AA        SSSS    SSSS     ; T=48479472
mdv_rtl.nxf32270.20_08_28_02_30_53_1311_Dual_Internal-CM33_FlexSPI0_NOR-A35_USDHC0_eMMC44_8bit_DDR_Set1_Newer_-2126636077.log:11079:UVM_INFO @22366509 END_SIM:    PPPPP      AA        SSSS    SSSS     ; T=44733018
mdv_rtl.nxf32270.20_08_28_02_30_53_1311_Dual_Internal-CM33_FlexSPI0_NOR-A35_USDHC0_eMMC44_8bit_DDR_SND_2MB_Data_Corrupt_1920279299.log:15764:UVM_INFO @44830828 END_SIM:    PPPPP      AA        SSSS    SSSS     ; T=89661656
mdv_rtl.nxf32270.20_08_28_02_30_53_1311_Dual_Internal-CM33_FlexSPI0_NOR-A35_USDHC0_eMMC44_8bit_DDR_SND_8MB_Data_Corrupt_755629852.log:15764:UVM_INFO @44819038 END_SIM:    PPPPP      AA        SSSS    SSSS     ; T=89638075
mdv_rtl.nxf32270.20_08_28_02_30_53_1311_Dual_Internal-CM33_FlexSPI0_NOR-A35_USDHC0_eMMC44_8bit_DDR-FAB_-1488696332.log:11313:UVM_INFO @26390303 END_SIM:    PPPPP      AA        SSSS    SSSS     ; T=52780606
mdv_rtl.nxf32270.20_08_28_02_30_53_1311_Dual_Internal-CM33_FlexSPI0_NOR-A35_USDHC0_eMMC44_8bit_DDR-NXP_FR_-1058033979.log:11316:UVM_INFO @26412629 END_SIM:    PPPPP      AA        SSSS    SSSS     ; T=52825258
mdv_rtl.nxf32270.20_08_28_02_30_53_1311_Dual_Internal-CM33_FlexSPI0_NOR-A35_USDHC0_eMMC44_8bit_DDR-NXP_PROV_1804844071.log:11313:UVM_INFO @26378986 END_SIM:    PPPPP      AA        SSSS    SSSS     ; T=52757972
mdv_rtl.nxf32270.20_08_28_02_30_53_1311_Dual_Internal-CM33_FlexSPI0_NOR-A35_USDHC0_eMMC44_8bit_DDR-OEM_FR_1026866852.log:11082:UVM_INFO @22386859 END_SIM:    PPPPP      AA        SSSS    SSSS     ; T=44773717
mdv_rtl.nxf32270.20_08_28_02_30_53_1311_Dual_Internal-CM33_FlexSPI0_NOR-A35_USDHC0_eMMC44_8bit_DDR-OEM_LOCKED_272417594.log:11082:UVM_INFO @22370597 END_SIM:    PPPPP      AA        SSSS    SSSS     ; T=44741194
mdv_rtl.nxf32270.20_08_28_02_30_53_1311_Dual_Internal-CM33_FlexSPI0_NOR-A35_USDHC0_eMMC44_8bit_DDR-OEM_OPEN_1486147406.log:11082:UVM_INFO @22378893 END_SIM:    PPPPP      AA        SSSS    SSSS     ; T=44757785
mdv_rtl.nxf32270.20_08_28_02_30_53_1311_Dual_Internal-CM33_FlexSPI0_NOR-A35_USDHC0_eMMC_8bit_DDR_ACK-BT_Part2-SND_-1724073098.log:15642:UVM_INFO @44119733 END_SIM:    PPPPP      AA        SSSS    SSSS     ; T=88239466
mdv_rtl.nxf32270.20_08_28_02_30_53_1311_Dual_Internal-CM33_FlexSPI0_NOR-A35_USDHC1_SD_567904163.log:11088:UVM_INFO @23486144 END_SIM:    PPPPP      AA        SSSS    SSSS     ; T=46972289
mdv_rtl.nxf32270.20_08_28_02_30_53_1311_Dual_Internal-CM33_FlexSPI0_NOR-A35_USDHC1_SDXC_4bit_SDR104_1938888763.log:10393:UVM_INFO @24705774 END_SIM:    PPPPP      AA        SSSS    SSSS     ; T=49411549
mdv_rtl.nxf32270.20_08_28_02_30_53_1311_Dual_Internal-CM33_FlexSPI0_NOR-A35_USDHC1_SD_SND_4MB_Hash_Corrupt_-13559898.log:15689:UVM_INFO @46260896 END_SIM:    PPPPP      AA        SSSS    SSSS     ; T=92521791
mdv_rtl.nxf32270.20_08_28_02_30_53_1311_Dual_Internal-CM33_FlexSPI0_NOR-A35_USDHC1_SDXC_4bit_SDR104_RST_2.5ms_1772358329.log:10838:UVM_INFO @22371068 END_SIM:    PPPPP      AA        SSSS    SSSS     ; T=44742136
mdv_rtl.nxf32270.20_08_28_02_30_53_1311_Dual_Internal-CM33_FlexSPI0_NOR-A35_USDHC1_SD_Set1_Newer_-2073418909.log:11121:UVM_INFO @22699356 END_SIM:    PPPPP      AA        SSSS    SSSS     ; T=45398712
mdv_rtl.nxf32270.20_08_28_02_30_53_1311_Dual_Internal-CM33_FlexSPI0_NOR-A35_FlexSPI2_NAND_Mul_Plane_MX35_-309018064.log:10926:UVM_INFO @23484870 END_SIM:    PPPPP      AA        SSSS    SSSS     ; T=46969741
mdv_rtl.nxf32270.20_08_28_02_30_53_1311_Dual_Internal-CM33_FlexSPI0_NOR-A35_USDHC2_eMMC_8bit_DDR_ACK_1137671858.log:11092:UVM_INFO @22186305 END_SIM:    PPPPP      AA        SSSS    SSSS     ; T=44372611
mdv_rtl.nxf32270.20_08_28_02_30_53_1311_Dual_Internal-CM33_FlexSPI0_NOR-A35_FlexSPI2_NAND_193312780.log:10932:UVM_INFO @22790190 END_SIM:    PPPPP      AA        SSSS    SSSS     ; T=45580380
mdv_rtl.nxf32270.20_08_28_02_30_53_1311_Dual_Internal-CM33_FlexSPI0_NOR-A35_FlexSPI2_NAND-FAB_-13747022.log:11163:UVM_INFO @26787215 END_SIM:    PPPPP      AA        SSSS    SSSS     ; T=53574431
mdv_rtl.nxf32270.20_08_28_02_30_53_1311_Dual_Internal-CM33_FlexSPI0_NOR-A35_FlexSPI2_NAND-NXP_FR_207417603.log:11163:UVM_INFO @26769944 END_SIM:    PPPPP      AA        SSSS    SSSS     ; T=53539888
mdv_rtl.nxf32270.20_08_28_02_30_53_1311_Dual_Internal-CM33_FlexSPI0_NOR-A35_FlexSPI2_NAND-NXP_PROV_-1720614563.log:11163:UVM_INFO @26765896 END_SIM:    PPPPP      AA        SSSS    SSSS     ; T=53531793
mdv_rtl.nxf32270.20_08_28_02_30_53_1311_Dual_Internal-CM33_FlexSPI0_NOR-A35_FlexSPI2_NAND-OEM_FR_-1938563259.log:10932:UVM_INFO @22794946 END_SIM:    PPPPP      AA        SSSS    SSSS     ; T=45589892
mdv_rtl.nxf32270.20_08_28_02_30_53_1311_UT-M33-LPSPI1-CS1_-53365794.log:6740:UVM_INFO @1349298 END_SIM:    PPPPP      AA        SSSS    SSSS     ; T=2698596
mdv_rtl.nxf32270.20_08_28_02_30_53_1311_UT-M33-LPSPI0-CS0_448398799.log:6797:UVM_INFO @1295688 END_SIM:    PPPPP      AA        SSSS    SSSS     ; T=2591376
mdv_rtl.nxf32270.20_08_28_02_30_53_1311_UT-A35-LPSPI4-CS1_510725483.log:7373:UVM_INFO @1955224 END_SIM:    PPPPP      AA        SSSS    SSSS     ; T=3910448
mdv_rtl.nxf32270.20_08_28_02_30_53_1311_Single_Internal-FlexSPI2_NAND-NXP_PROV_870895211.log:9644:UVM_INFO @21503938 END_SIM:    PPPPP      AA        SSSS    SSSS     ; T=43007875
mdv_rtl.nxf32270.20_08_28_02_30_53_1311_LP_Internal-CM33_FlexSPI0_NOR_SND_4MB_Set1_Newer-A35_USDHC0_SD_758796690.log:10182:UVM_INFO @58284206 END_SIM:    PPPPP      AA        SSSS    SSSS     ; T=116568412
mdv_rtl.nxf32270.20_08_28_02_30_53_1311_Dual_Internal-CM33_FlexSPI0_NOR-A35_FlexSPI2_NAND-OEM_OPEN_376374808.log:10929:UVM_INFO @22747302 END_SIM:    PPPPP      AA        SSSS    SSSS     ; T=45494603
mdv_rtl.nxf32270.20_08_28_02_30_53_1311_Single_Internal-FlexSPI2_NAND_SND_2MB_Hash_Corrupt_-305612679.log:11336:UVM_INFO @30632514 END_SIM:    PPPPP      AA        SSSS    SSSS     ; T=61265029
mdv_rtl.nxf32270.20_08_28_02_30_53_1311_Dual_Internal-CM33_FlexSPI0_NOR-A35_FlexSPI2_NAND_SND_4MB_Cntr_Corrupt_-527850943.log:15365:UVM_INFO @37971444 END_SIM:    PPPPP      AA        SSSS    SSSS     ; T=75942888
mdv_rtl.nxf32270.20_08_28_02_30_53_1311_LP_Internal-CM33_FlexSPI0_NOR_SND_4MB_Ctnr_Corrupt-A35_USDHC0_SD_-1585248719.log:13717:UVM_INFO @76012652 END_SIM:    PPPPP      AA        SSSS    SSSS     ; T=152025303
mdv_rtl.nxf32270.20_08_28_02_30_53_1311_LP_Internal-CM33_FlexSPI0_NOR_SND_4MB_Hash_Corrupt-A35_USDHC0_SD_878000760.log:13717:UVM_INFO @90277471 END_SIM:    PPPPP      AA        SSSS    SSSS     ; T=180554942
mdv_rtl.nxf32270.20_08_28_02_30_53_1311_Single_Internal-FlexSPI2_NAND_W25_QUAD_100MHz_SND_8MB_Data_Corrupt_798871107.log:11160:UVM_INFO @22209491 END_SIM:    PPPPP      AA        SSSS    SSSS     ; T=44418983
mdv_rtl.nxf32270.20_08_28_02_30_53_1311_Dual_Internal-CM33_FlexSPI0_NOR-A35_FlexSPI2_NAND_SND_8MB_Data_Corrupt_742013658.log:15469:UVM_INFO @45470238 END_SIM:    PPPPP      AA        SSSS    SSSS     ; T=90940477
mdv_rtl.nxf32270.20_08_28_02_30_53_1311_Single_Internal-FlexSPI2_NAND-FAB_-587071555.log:9641:UVM_INFO @21453470 END_SIM:    PPPPP      AA        SSSS    SSSS     ; T=42906941
mdv_rtl.nxf32270.20_08_28_02_30_53_1311_UT-A35-LPSPI4-CS0_-1496616647.log:7373:UVM_INFO @1955224 END_SIM:    PPPPP      AA        SSSS    SSSS     ; T=3910448
mdv_rtl.nxf32270.20_08_28_02_30_53_1311_Single_Internal-USDHC0_eMMC44_8bit_DDR_SND_8MB_Data_Corrupt_-591167710.log:11344:UVM_INFO @21187488 END_SIM:    PPPPP      AA        SSSS    SSSS     ; T=42374977
mdv_rtl.nxf32270.20_08_28_02_30_53_1311_LP_Internal-CM33_FlexSPI0_NAND-A35_USDHC0_SD_1819685017.log:7633:UVM_INFO @60235304 END_SIM:    PPPPP      AA        SSSS    SSSS     ; T=120470609
mdv_rtl.nxf32270.20_08_28_02_30_53_1311_LP_Internal-CM33_FlexSPI0_NAND_SND_4MB_Set1_Newer-A35_USDHC0_SD_-1597909585.log:7633:UVM_INFO @60271247 END_SIM:    PPPPP      AA        SSSS    SSSS     ; T=120542494
mdv_rtl.nxf32270.20_08_28_02_30_53_1311_Single_Internal-FlexSPI2_NAND_-1070582705.log:9410:UVM_INFO @17468446 END_SIM:    PPPPP      AA        SSSS    SSSS     ; T=34936892
mdv_rtl.nxf32270.20_08_28_02_30_53_1311_LP_Internal-CM33_FlexSPI0_NOR_QuadSPI-A35_USDHC0_SD_-425282369.log:7408:UVM_INFO @58345670 END_SIM:    PPPPP      AA        SSSS    SSSS     ; T=116691340
mdv_rtl.nxf32270.20_08_28_02_30_53_1311_LP_Internal-CM33_FlexSPI0_NOR_OTFAD-A35_USDHC0_SD_1290174404.log:9782:UVM_INFO @66694832 END_SIM:    PPPPP      AA        SSSS    SSSS     ; T=133389663
mdv_rtl.nxf32270.20_08_28_02_30_53_1311_Single_Internal-USDHC0_eMMC44_8bit_DDR_2MB_Data_Corrupt_-533100655.log:11344:UVM_INFO @21188013 END_SIM:    PPPPP      AA        SSSS    SSSS     ; T=42376027
mdv_rtl.nxf32270.20_08_28_02_30_53_1311_LP_Internal-CM33_FlexSPI0_NOR_XIP_OTFAD-A35_USDHC0_SD_745582372.log:9842:UVM_INFO @67119412 END_SIM:    PPPPP      AA        SSSS    SSSS     ; T=134238823
mdv_rtl.nxf32270.20_08_28_02_30_53_1311_LP_Internal-CM33_FlexSPI0_NAND_SND_4MB_Hash_Corrupt-A35_USDHC0_SD_-716136548.log:8598:UVM_INFO @92610276 END_SIM:    PPPPP      AA        SSSS    SSSS     ; T=185220551
mdv_rtl.nxf32270.20_08_28_02_30_53_1311_Dual_Internal-CM33_FlexSPI0_NOR-A35_FlexSPI2_NAND_Set1_Newer_But_Data_Corrupt_-267622148.log:15469:UVM_INFO @45563106 END_SIM:    PPPPP      AA        SSSS    SSSS     ; T=91126212
mdv_rtl.nxf32270.20_08_28_02_30_53_1311_Single_Internal-FlexSPI2_NAND_SND_8MB_Hash_Corrupt_1096014207.log:11333:UVM_INFO @30581952 END_SIM:    PPPPP      AA        SSSS    SSSS     ; T=61163903
mdv_rtl.nxf32270.20_08_28_02_30_53_1311_Single_Internal-USDHC0_eMMC44_8bit_DDR_Set1_Newer_-1089304754.log:9428:UVM_INFO @15710952 END_SIM:    PPPPP      AA        SSSS    SSSS     ; T=31421905
mdv_rtl.nxf32270.20_08_28_02_30_53_1311_LP_Internal-CM33_FlexSPI0_NAND_SND_4MB_Data_Corrupt-A35_USDHC0_SD_-2141472198.log:8598:UVM_INFO @78761526 END_SIM:    PPPPP      AA        SSSS    SSSS     ; T=157523053
mdv_rtl.nxf32270.20_08_28_02_30_53_1311_Single_Internal-USDHC0_SD-SDR104_1237148042.log:9806:UVM_INFO @20470503 END_SIM:    PPPPP      AA        SSSS    SSSS     ; T=40941006
mdv_rtl.nxf32270.20_08_28_02_30_53_1311_Dual_Internal-CM33_FlexSPI0_NOR-A35_FlexSPI2_NAND_SND_4MB_Data_Corrupt_-926476304.log:15475:UVM_INFO @45563479 END_SIM:    PPPPP      AA        SSSS    SSSS     ; T=91126958
mdv_rtl.nxf32270.20_08_28_02_30_53_1311_Single_Internal-FlexSPI2_NAND_SND_2MB_Cntr_Corrupt_-662821204.log:11174:UVM_INFO @27796468 END_SIM:    PPPPP      AA        SSSS    SSSS     ; T=55592937
mdv_rtl.nxf32270.20_08_28_02_30_53_1311_LP_Internal-CM33_FlexSPI0_NOR_XIP_SND_4MB_Hash_Corrupt-A35_USDHC0_SD_356837239.log:13777:UVM_INFO @90685661 END_SIM:    PPPPP      AA        SSSS    SSSS     ; T=181371321
mdv_rtl.nxf32270.20_08_28_02_30_53_1311_LP_Internal-CM33_FlexSPI0_NOR_XIP_SND_4MB_Data_Corrupt-A35_USDHC0_SD_-1062762305.log:13779:UVM_INFO @76949710 END_SIM:    PPPPP      AA        SSSS    SSSS     ; T=153899420
mdv_rtl.nxf32270.20_08_28_02_30_53_1311_Single-A35_SD_Invalid-LPSPI4-CS0_Recovery_-1928437183.log:14760:UVM_INFO @59519492 END_SIM:    PPPPP      AA        SSSS    SSSS     ; T=119038984
mdv_rtl.nxf32270.20_08_28_02_30_53_1311_LP_Internal-CM33_FlexSPI0_NOR_XIP_SND_4MB_Set1_Newer-A35_USDHC0_SD_2121784608.log:10244:UVM_INFO @58807565 END_SIM:    PPPPP      AA        SSSS    SSSS     ; T=117615130
mdv_rtl.nxf32270.20_08_28_02_30_53_1311_Dual_Internal-CM33_FlexSPI0_NOR-A35_FlexSPI2_NAND_SND_2MB_Hash_Corrupt_-1068789368.log:15365:UVM_INFO @44868175 END_SIM:    PPPPP      AA        SSSS    SSSS     ; T=89736350
mdv_rtl.nxf32270.20_08_28_02_30_53_1311_Single_Internal-FlexSPI2_NAND_W25_QUAD_100MHz_554866299.log:9355:UVM_INFO @16332461 END_SIM:    PPPPP      AA        SSSS    SSSS     ; T=32664922
mdv_rtl.nxf32270.20_08_28_02_30_53_1311_Dual_Internal-CM33_FlexSPI0_NOR-A35_FlexSPI2_NAND_4K_-62413070.log:10905:UVM_INFO @22283929 END_SIM:    PPPPP      AA        SSSS    SSSS     ; T=44567858
mdv_rtl.nxf32270.20_08_28_02_30_53_1311_LP_Internal-CM33_FlexSPI0_NOR_XIP_SND_4MB_Ctnr_Corrupt-A35_USDHC0_SD_-514384019.log:13779:UVM_INFO @76394758 END_SIM:    PPPPP      AA        SSSS    SSSS     ; T=152789516
mdv_rtl.nxf32270.20_08_28_02_30_53_1311_LP_Internal-CM33_FlexSPI0_NAND_SND_2MB_Data_Corrupt-A35_USDHC0_SD_-723174545.log:8598:UVM_INFO @79005625 END_SIM:    PPPPP      AA        SSSS    SSSS     ; T=158011250
mdv_rtl.nxf32270.20_08_28_02_30_53_1311_Single_Internal-USDHC0_emmc44-8bit-High-FB_noack_-1365761881.log:9301:UVM_INFO @15813973 END_SIM:    PPPPP      AA        SSSS    SSSS     ; T=31627947
mdv_rtl.nxf32270.20_08_28_02_30_53_1311_Single_Internal-USDHC2_emmc44-4bit-DDR-High_-1852526938.log:9431:UVM_INFO @15710502 END_SIM:    PPPPP      AA        SSSS    SSSS     ; T=31421005
mdv_rtl.nxf32270.20_08_28_02_30_53_1311_UT-M33-LPSPI0-CS1_-636005216.log:6740:UVM_INFO @1349298 END_SIM:    PPPPP      AA        SSSS    SSSS     ; T=2698596
mdv_rtl.nxf32270.20_08_28_02_30_53_1311_LP_Internal-CM33_FlexSPI0_NOR-A35_USDHC0_SD_-415947698.log:10179:UVM_INFO @58268897 END_SIM:    PPPPP      AA        SSSS    SSSS     ; T=116537794
mdv_rtl.nxf32270.20_08_28_02_30_53_1311_LP_Internal-CM33_FlexSPI0_NOR_XIP_SND_4MB_Set1_Newer_But_Data_Corrupt-A35_USDHC0_SD_1785296298.log:13779:UVM_INFO @76720871 END_SIM:    PPPPP      AA        SSSS    SSSS     ; T=153441742
mdv_rtl.nxf32270.20_08_28_02_30_53_1311_UT-M33-LPSPI1-CS0_1342958937.log:6797:UVM_INFO @1295688 END_SIM:    PPPPP      AA        SSSS    SSSS     ; T=2591376
mdv_rtl.nxf32270.20_08_28_02_30_53_1311_LP_Internal-CM33_FlexSPI0_NOR_SND_4MB_Data_Corrupt-A35_USDHC0_SD_-1437338015.log:13717:UVM_INFO @76489292 END_SIM:    PPPPP      AA        SSSS    SSSS     ; T=152978583
mdv_rtl.nxf32270.20_08_28_02_30_53_1311_Single_Internal-USDHC0_eMMC44_8bit_DDR_SND_4MB_Data_Corrupt_814551401.log:11341:UVM_INFO @21173978 END_SIM:    PPPPP      AA        SSSS    SSSS     ; T=42347956
mdv_rtl.nxf32270.20_08_28_02_30_53_1311_LP_Internal-CM33_FlexSPI0_NOR_XIP_SND_2MB_Data_Corrupt-A35_USDHC0_SD_1025972591.log:13779:UVM_INFO @76735504 END_SIM:    PPPPP      AA        SSSS    SSSS     ; T=153471007
mdv_rtl.nxf32270.20_08_28_02_30_53_1311_LP_Internal-CM33_FlexSPI0_NOR_XIP-A35_USDHC0_SD_2058577319.log:10241:UVM_INFO @58720413 END_SIM:    PPPPP      AA        SSSS    SSSS     ; T=117440826
mdv_rtl.nxf32270.20_08_28_02_30_53_1311_LP_Internal-CM33_FlexSPI0_NOR_XIP_SND_8MB_Data_Corrupt-A35_USDHC0_SD_-455428035.log:13719:UVM_INFO @76312775 END_SIM:    PPPPP      AA        SSSS    SSSS     ; T=152625550
mdv_rtl.nxf32270.20_08_28_02_30_53_1311_Single_Internal-USDHC1_SD-SDR25_-844757092.log:9508:UVM_INFO @15967986 END_SIM:    PPPPP      AA        SSSS    SSSS     ; T=31935972
mdv_rtl.nxf32270.20_08_28_02_30_53_1311_UT-FlexSPI0_NOR_Parallel_TEST_-1495194043.log:7258:UVM_INFO @1697499 END_SIM:    PPPPP      AA        SSSS    SSSS     ; T=3394998
mdv_rtl.nxf32270.20_08_28_02_30_53_1311_LP_Internal-CM33_FlexSPI0_NAND_SND_8MB_Data_Corrupt-A35_USDHC0_SD_-1096626699.log:8598:UVM_INFO @79030980 END_SIM:    PPPPP      AA        SSSS    SSSS     ; T=158061960
mdv_rtl.nxf32270.20_08_28_02_30_53_1311_Single_Internal-USDHC1_SD_SND_4MB_Hash_Corrupt_1002699775.log:11959:UVM_INFO @28668941 END_SIM:    PPPPP      AA        SSSS    SSSS     ; T=57337882
mdv_rtl.nxf32270.20_08_28_02_30_53_1311_Single_Internal-USDHC0_emmc44-4bit_1479722385.log:9591:UVM_INFO @17570451 END_SIM:    PPPPP      AA        SSSS    SSSS     ; T=35140901
mdv_rtl.nxf32270.20_08_28_02_30_53_1311_Single_Internal-USDHC1_SD_Set1_Newer_-158846490.log:9524:UVM_INFO @16021503 END_SIM:    PPPPP      AA        SSSS    SSSS     ; T=32043005
mdv_rtl.nxf32270.20_08_28_02_30_53_1311_Single_Internal-FlexSPI2_NAND_SND_4MB_Data_Corrupt_-1818882301.log:11222:UVM_INFO @23564475 END_SIM:    PPPPP      AA        SSSS    SSSS     ; T=47128949
mdv_rtl.nxf32270.20_08_28_02_30_53_1311_Single_Internal-USDHC1_SD_SND_4MB_Data_Corrupt_-32909130.log:11496:UVM_INFO @21731972 END_SIM:    PPPPP      AA        SSSS    SSSS     ; T=43463944
mdv_rtl.nxf32270.20_08_28_02_30_53_1311_Dual_Internal_CM33_FlexSPI0_NOR_RECOVERY_LPSPI1_CS0-A35-USDHC0_SD_-1813382409.log:13452:UVM_INFO @57082226 END_SIM:    PPPPP      AA        SSSS    SSSS     ; T=114164451
mdv_rtl.nxf32270.20_08_28_02_30_53_1311_Single_Internal-FlexSPI2_NAND_SND_4MB_Hash_Corrupt_-595080697.log:11338:UVM_INFO @30617971 END_SIM:    PPPPP      AA        SSSS    SSSS     ; T=61235942
mdv_rtl.nxf32270.20_08_28_02_30_53_1311_Dual_Internal_CM33_FlexSPI0_NOR_RECOVERY_LPSPI1_CS1-A35-USDHC0_SD_1572331703.log:13455:UVM_INFO @57082226 END_SIM:    PPPPP      AA        SSSS    SSSS     ; T=114164451
mdv_rtl.nxf32270.20_08_28_02_30_53_1311_UT-FlexSPI0_NOR_Octal_TEST_-432865730.log:18062:UVM_INFO @3052699 END_SIM:    PPPPP      AA        SSSS    SSSS     ; T=6105397
mdv_rtl.nxf32270.20_08_28_02_30_53_1311_Single_Internal-USDHC1_SD-OEM_OPEN_-2005493789.log:9549:UVM_INFO @16798949 END_SIM:    PPPPP      AA        SSSS    SSSS     ; T=33597898
mdv_rtl.nxf32270.20_08_28_02_30_53_1311_UT-FlexSPI0_NOR_Hyperflash_TEST_-1780361329.log:8366:UVM_INFO @1688125 END_SIM:    PPPPP      AA        SSSS    SSSS     ; T=3376251
mdv_rtl.nxf32270.20_08_28_02_30_53_1311_Single_Internal-USDHC2_eMMC44_8bit_DDR_SND_8MB_Data_Corrupt_-1215310579.log:11344:UVM_INFO @21203402 END_SIM:    PPPPP      AA        SSSS    SSSS     ; T=42406804
mdv_rtl.nxf32270.20_08_28_02_30_53_1311_Single_Internal-USDHC1_SD-OEM_LOCKED_-1494097394.log:9546:UVM_INFO @16747474 END_SIM:    PPPPP      AA        SSSS    SSSS     ; T=33494948
mdv_rtl.nxf32270.20_08_28_02_30_53_1311_Single_Internal-USDHC2_eMMC44_8bit_DDR_Set1_Newer_-256014900.log:9428:UVM_INFO @15709473 END_SIM:    PPPPP      AA        SSSS    SSSS     ; T=31418947
mdv_rtl.nxf32270.20_08_28_02_30_53_1311_Dual_Internal-CM33_FlexSPI0_NOR-A35_FlexSPI2_NAND_Set1_Newer_1549043009.log:10929:UVM_INFO @22771911 END_SIM:    PPPPP      AA        SSSS    SSSS     ; T=45543822
mdv_rtl.nxf32270.20_08_28_02_30_53_1311_Single_Internal-FlexSPI2_NAND_SND_8MB_Cntr_Corrupt_-320716875.log:11174:UVM_INFO @27795981 END_SIM:    PPPPP      AA        SSSS    SSSS     ; T=55591962
mdv_rtl.nxf32270.20_08_28_02_30_53_1311_Single_Internal-USDHC2_eMMC44_8bit_DDR_SND_4MB_Ctnr_Corrupt_1141238973.log:11290:UVM_INFO @25366499 END_SIM:    PPPPP      AA        SSSS    SSSS     ; T=50732998
mdv_rtl.nxf32270.20_08_28_02_30_53_1311_UT-FlexSPI0_NOR_Misc_TEST_1572664547.log:7021:UVM_INFO @1653735 END_SIM:    PPPPP      AA        SSSS    SSSS     ; T=3307470
mdv_rtl.nxf32270.20_08_28_02_30_53_1311_MISC-TEST_M33_ROM-Patch-Test_2053515985.log:6796:UVM_INFO @1968589 END_SIM:    PPPPP      AA        SSSS    SSSS     ; T=3937178
mdv_rtl.nxf32270.20_08_28_02_30_53_1311_Dual_Internal-CM33_FlexSPI0_NOR-A35_FlexSPI2_NAND_SND_8MB_Hash_Corrupt_-1839728999.log:15362:UVM_INFO @44839585 END_SIM:    PPPPP      AA        SSSS    SSSS     ; T=89679169
mdv_rtl.nxf32270.20_08_28_02_30_53_1311_Single_Internal-USDHC2_emmc44-8bit-DDR-High-FB_boot1_ack_-1795904499.log:9068:UVM_INFO @15193010 END_SIM:    PPPPP      AA        SSSS    SSSS     ; T=30386020
mdv_rtl.nxf32270.20_08_28_02_30_53_1311_Single_Internal-FlexSPI2_NAND_MT29_QUAD_100MHz_1941436177.log:9325:UVM_INFO @17518513 END_SIM:    PPPPP      AA        SSSS    SSSS     ; T=35037026
mdv_rtl.nxf32270.20_08_28_02_30_53_1311_UT-FlexSPI0_NOR_OPI_TEST_-859540795.log:8541:UVM_INFO @1500666 END_SIM:    PPPPP      AA        SSSS    SSSS     ; T=3001332
mdv_rtl.nxf32270.20_08_28_02_30_53_1311_MISC-TEST-Resume_RTD_PowerDown_Valid_Entry_uPower_FW_LOAD_0_-1308306460.log:10245:UVM_INFO @59191559 END_SIM:    PPPPP      AA        SSSS    SSSS     ; T=118383118
mdv_rtl.nxf32270.20_08_28_02_30_53_1311_Single_Internal-USDHC1_SD_SND_8MB_Data_Corrupt_-624112362.log:11496:UVM_INFO @21717454 END_SIM:    PPPPP      AA        SSSS    SSSS     ; T=43434907
mdv_rtl.nxf32270.20_08_28_02_30_53_1311_LP_Internal-CM33_FlexSPI0_NOR_SND_4MB_Set1_Newer_But_Data_Corrupt-A35_USDHC0_SD_1319017459.log:13717:UVM_INFO @76383131 END_SIM:    PPPPP      AA        SSSS    SSSS     ; T=152766262
mdv_rtl.nxf32270.20_08_28_02_30_53_1311_Single_Internal-FlexSPI2_NAND_MT29_QUAD_50MHz_-674648846.log:9346:UVM_INFO @17879480 END_SIM:    PPPPP      AA        SSSS    SSSS     ; T=35758960
mdv_rtl.nxf32270.20_08_28_02_30_53_1311_Single_Internal-USDHC1_emmc44-4bit-FB_ack_-843445262.log:9457:UVM_INFO @18140484 END_SIM:    PPPPP      AA        SSSS    SSSS     ; T=36280969
mdv_rtl.nxf32270.20_08_28_02_30_53_1311_Single_Internal-USDHC2_eMMC44_8bit_DDR_2MB_Data_Corrupt_791701008.log:11347:UVM_INFO @21253957 END_SIM:    PPPPP      AA        SSSS    SSSS     ; T=42507914
mdv_rtl.nxf32270.20_08_28_02_30_53_1311_Dual_Internal-CM33_FlexSPI0_NOR-A35_FlexSPI2_NAND_SND_8MB_Cntr_Corrupt_1526361264.log:15365:UVM_INFO @38028585 END_SIM:    PPPPP      AA        SSSS    SSSS     ; T=76057169
mdv_rtl.nxf32270.20_08_28_02_30_53_1311_LP_Internal-CM33_FlexSPI0_NAND_SND_4MB_Set1_Newer_But_Data_Corrupt-A35_USDHC0_SD_1018007557.log:8598:UVM_INFO @78939023 END_SIM:    PPPPP      AA        SSSS    SSSS     ; T=157878046
mdv_rtl.nxf32270.20_08_28_02_30_53_1311_Single_Internal-USDHC2_emmc44-8bit-DDR-High-boot1-SND_boot2_-1167838015.log:11207:UVM_INFO @20791489 END_SIM:    PPPPP      AA        SSSS    SSSS     ; T=41582978
mdv_rtl.nxf32270.20_08_28_02_30_53_1311_Single_Internal-USDHC0_emmc44-8bit-DDR_409921882.log:9428:UVM_INFO @15661585 END_SIM:    PPPPP      AA        SSSS    SSSS     ; T=31323169
mdv_rtl.nxf32270.20_08_28_02_30_53_1311_LP_Internal-CM33_FlexSPI0_NOR_SND_8MB_Data_Corrupt-A35_USDHC0_SD_1017391592.log:13717:UVM_INFO @76299193 END_SIM:    PPPPP      AA        SSSS    SSSS     ; T=152598385
mdv_rtl.nxf32270.20_08_28_02_30_53_1311_Single_Internal-FlexSPI2_NAND_Invalid-USDHC1_SD_Recovery_1012815284.log:11989:UVM_INFO @27091494 END_SIM:    PPPPP      AA        SSSS    SSSS     ; T=54182987
mdv_rtl.nxf32270.20_08_28_02_30_53_1311_Dual_Internal_CM33_FlexSPI0_NOR_RECOVERY_LPSPI0_CS1-A35-USDHC0_SD_-525131343.log:13455:UVM_INFO @57093196 END_SIM:    PPPPP      AA        SSSS    SSSS     ; T=114186391
mdv_rtl.nxf32270.20_08_28_02_30_53_1311_Single_Internal-FlexSPI2_NAND-OEM_OPEN_-1348653435.log:9410:UVM_INFO @17469021 END_SIM:    PPPPP      AA        SSSS    SSSS     ; T=34938042
mdv_rtl.nxf32270.20_08_28_02_30_53_1311_UT-FlexSPI2_NAND_TEST_-148877071.log:8529:UVM_INFO @4659338 END_SIM:    PPPPP      AA        SSSS    SSSS     ; T=9318676
mdv_rtl.nxf32270.20_08_28_02_30_53_1311_Single_Internal-USDHC0_eMMC44_8bit_DDR_SND_4MB_Ctnr_Corrupt_-1678153146.log:11290:UVM_INFO @25400985 END_SIM:    PPPPP      AA        SSSS    SSSS     ; T=50801970
mdv_rtl.nxf32270.20_08_28_02_30_53_1311_Single_Internal-FlexSPI2_NAND_Mul_Plane_MX35_-646083181.log:9452:UVM_INFO @18245509 END_SIM:    PPPPP      AA        SSSS    SSSS     ; T=36491018
mdv_rtl.nxf32270.20_08_28_02_30_53_1311_Single_Internal-USDHC0_eMMC44_8bit_DDR_SND_4MB_Hash_Corrupt_1467377051.log:11813:UVM_INFO @28229482 END_SIM:    PPPPP      AA        SSSS    SSSS     ; T=56458965
mdv_rtl.nxf32270.20_08_28_02_30_53_1311_Dual_Internal-CM33_FlexSPI0_NOR-A35_FlexSPI2_NAND_4K_SND_4MB_Data_Corrupt_-823880081.log:15423:UVM_INFO @44530439 END_SIM:    PPPPP      AA        SSSS    SSSS     ; T=89060879
mdv_rtl.nxf32270.20_08_28_02_30_53_1311_MISC-TEST-Resume_RTD_DeepPowerDown_uPower_FW_LOAD_1_-1264368287.log:14013:UVM_INFO @116728405 END_SIM:    PPPPP      AA        SSSS    SSSS     ; T=233456809
mdv_rtl.nxf32270.20_08_28_02_30_53_1311_Single_Internal-FlexSPI2_NAND_Set1_Newer_-183545151.log:9407:UVM_INFO @17415942 END_SIM:    PPPPP      AA        SSSS    SSSS     ; T=34831884
mdv_rtl.nxf32270.20_08_28_02_30_53_1311_Dual_Internal-CM33_FlexSPI0_NOR-A35_FlexSPI2_NAND_Invalid-LPSPI4-CS1_Recovery_1781288954.log:11950:UVM_INFO @35612132 END_SIM:    PPPPP      AA        SSSS    SSSS     ; T=71224264
mdv_rtl.nxf32270.20_08_28_02_30_53_1311_Serial_Download-USB0-FAB_-1329583046.log:15598:UVM_INFO @23554960 END_SIM:    PPPPP      AA        SSSS    SSSS     ; T=47109919
mdv_rtl.nxf32270.20_08_28_02_30_53_1311_MISC-TEST-Resume_RTD_DeepPowerDown_uPower_FW_LOAD_0_-452830965.log:14034:UVM_INFO @116628276 END_SIM:    PPPPP      AA        SSSS    SSSS     ; T=233256552
mdv_rtl.nxf32270.20_08_28_02_30_53_1311_Single_Internal-USDHC1_emmc44-8bit-High_-654034318.log:9527:UVM_INFO @15815948 END_SIM:    PPPPP      AA        SSSS    SSSS     ; T=31631896
mdv_rtl.nxf32270.20_08_28_02_30_53_1311_Dual_Internal-CM33_FlexSPI0_NOR-A35_FlexSPI2_NAND_SND_2MB_Data_Corrupt_-1744117532.log:15472:UVM_INFO @45564311 END_SIM:    PPPPP      AA        SSSS    SSSS     ; T=91128623
mdv_rtl.nxf32270.20_08_28_02_30_53_1311_Single_Internal-FlexSPI2_NAND_SND_4MB_Cntr_Corrupt_-2052697327.log:11174:UVM_INFO @27794994 END_SIM:    PPPPP      AA        SSSS    SSSS     ; T=55589987
mdv_rtl.nxf32270.20_08_28_02_30_53_1311_Dual_Internal-CM33_FlexSPI0_NOR-A35_FlexSPI2_NAND_Invalid-LPSPI4-CS0_Recovery_394169729.log:11950:UVM_INFO @35632208 END_SIM:    PPPPP      AA        SSSS    SSSS     ; T=71264416
mdv_rtl.nxf32270.20_08_28_02_30_53_1311_Single_Internal-USDHC2_eMMC44_8bit_DDR_SND_4MB_Data_Corrupt_705755556.log:11344:UVM_INFO @21238484 END_SIM:    PPPPP      AA        SSSS    SSSS     ; T=42476969
mdv_rtl.nxf32270.20_08_28_02_30_53_1311_Dual_Internal-CM33_FlexSPI0_NOR-A35_FlexSPI2_NAND_SND_2MB_Cntr_Corrupt_746729653.log:15359:UVM_INFO @38038924 END_SIM:    PPPPP      AA        SSSS    SSSS     ; T=76077847
mdv_rtl.nxf32270.20_08_28_02_30_53_1311_Single_Internal-FlexSPI2_NAND_4K_SND_4MB_Data_Corrupt_-1974928636.log:11065:UVM_INFO @22313492 END_SIM:    PPPPP      AA        SSSS    SSSS     ; T=44626983
mdv_rtl.nxf32270.20_08_28_02_30_53_1311_Single_Internal-USDHC2_eMMC44_8bit_DDR_SND_4MB_Hash_Corrupt_2022459379.log:11810:UVM_INFO @28177247 END_SIM:    PPPPP      AA        SSSS    SSSS     ; T=56354494
mdv_rtl.nxf32270.20_08_28_02_30_53_1311_Single_Internal-USDHC2_SD-SDR50_-1419521360.log:9799:UVM_INFO @20623491 END_SIM:    PPPPP      AA        SSSS    SSSS     ; T=41246982
mdv_rtl.nxf32270.20_08_28_02_30_53_1311_Single_Internal-USDHC1_SD-NXP_PROV_845578977.log:9780:UVM_INFO @20782961 END_SIM:    PPPPP      AA        SSSS    SSSS     ; T=41565923
mdv_rtl.nxf32270.20_08_28_02_30_53_1311_Single_Internal-USDHC0_eMMC44_8bit_DDR_Invalid-USDHC1_SD_Recovery_-1459046548.log:12620:UVM_INFO @28376484 END_SIM:    PPPPP      AA        SSSS    SSSS     ; T=56752968
mdv_rtl.nxf32270.20_08_28_02_30_53_1311_Single_Internal-FlexSPI2_NAND_4K_-891515748.log:9272:UVM_INFO @16432937 END_SIM:    PPPPP      AA        SSSS    SSSS     ; T=32865873
mdv_rtl.nxf32270.20_08_28_02_30_53_1311_LP_Internal-CM33_FlexSPI0_NOR_Hyperflash-A35_USDHC0_SD_1736759113.log:7481:UVM_INFO @57999600 END_SIM:    PPPPP      AA        SSSS    SSSS     ; T=115999199
mdv_rtl.nxf32270.20_08_28_02_30_53_1311_LP_Internal-CM33_FlexSPI0_NAND_SND_4MB_Ctnr_Corrupt-A35_USDHC0_SD_1010246574.log:8598:UVM_INFO @78515127 END_SIM:    PPPPP      AA        SSSS    SSSS     ; T=157030254
mdv_rtl.nxf32270.20_08_28_02_30_53_1311_UT-FlexSPI2_NOR_Parallel_TEST_1244714117.log:7575:UVM_INFO @3051734 END_SIM:    PPPPP      AA        SSSS    SSSS     ; T=6103467
mdv_rtl.nxf32270.20_08_28_02_30_53_1311_Single_Internal-USDHC1_SD_2MB_Data_Corrupt_-2013689863.log:11496:UVM_INFO @21716979 END_SIM:    PPPPP      AA        SSSS    SSSS     ; T=43433957
mdv_rtl.nxf32270.20_08_28_02_30_53_1311_Dual_Internal-CM33_FlexSPI0_NOR-A35_FlexSPI2_NAND_SND_4MB_Hash_Corrupt_-1701817291.log:15368:UVM_INFO @44895038 END_SIM:    PPPPP      AA        SSSS    SSSS     ; T=89790075
mdv_rtl.nxf32270.20_08_28_02_30_53_1311_Single_Internal-FlexSPI2_NAND_SND_8MB_Data_Corrupt_618553479.log:11225:UVM_INFO @23564512 END_SIM:    PPPPP      AA        SSSS    SSSS     ; T=47129024
mdv_rtl.nxf32270.20_08_28_02_30_53_1311_Serial_Download-USB0_50108876.log:14411:UVM_INFO @19520968 END_SIM:    PPPPP      AA        SSSS    SSSS     ; T=39041935
mdv_rtl.nxf32270.20_08_28_02_30_53_1311_Serial_Download-USB0-OEM_OPEN_1632670180.log:14418:UVM_INFO @19520968 END_SIM:    PPPPP      AA        SSSS    SSSS     ; T=39041935
mdv_rtl.nxf32270.20_08_28_02_30_53_1311_MISC-TEST_A35_ROM-Patch-Test_364199475.log:7204:UVM_INFO @1926863 END_SIM:    PPPPP      AA        SSSS    SSSS     ; T=3853726
mdv_rtl.nxf32270.20_08_28_02_30_53_1311_Serial_Download-USB0_EP0_-826069109.log:15184:UVM_INFO @24029967 END_SIM:    PPPPP      AA        SSSS    SSSS     ; T=48059934
mdv_rtl.nxf32270.20_08_28_02_30_53_1311_Serial_Download-USB0-OEM_LOCKED_144135357.log:14409:UVM_INFO @19525979 END_SIM:    PPPPP      AA        SSSS    SSSS     ; T=39051958
mdv_rtl.nxf32270.20_08_28_02_30_53_1311_LP_Internal-CM33_FlexSPI0_NOR_SND_2MB_Data_Corrupt-A35_USDHC0_SD_1939859628.log:13717:UVM_INFO @76394977 END_SIM:    PPPPP      AA        SSSS    SSSS     ; T=152789953
mdv_rtl.nxf32270.20_08_28_02_30_53_1311_Serial_Download-USB0_TRIM_1983797365.log:14409:UVM_INFO @19520968 END_SIM:    PPPPP      AA        SSSS    SSSS     ; T=39041935
mdv_rtl.nxf32270.20_08_28_02_30_53_1311_UT-USDHC0-SDXC_-764199199.log:8234:UVM_INFO @7601460 END_SIM:    PPPPP      AA        SSSS    SSSS     ; T=15202921
mdv_rtl.nxf32270.20_08_28_02_30_53_1311_LP_Internal-CM33_FlexSPI0_NOR-A35_USDHC0_SD_Invalid-USDHC1_SD_Recovery_-1820136479.log:10195:UVM_INFO @58268897 END_SIM:    PPPPP      AA        SSSS    SSSS     ; T=116537794
mdv_rtl.nxf32270.20_08_28_02_30_53_1311_UT-FlexSPI2_NOR_Quad_TEST_2003569085.log:9311:UVM_INFO @6330404 END_SIM:    PPPPP      AA        SSSS    SSSS     ; T=12660809
mdv_rtl.nxf32270.20_08_28_02_30_53_1311_Serial_Download-USB0-NXP_FR_1424800029.log:15605:UVM_INFO @23558017 END_SIM:    PPPPP      AA        SSSS    SSSS     ; T=47116035
mdv_rtl.nxf32270.20_08_28_02_30_53_1311_Serial_Download-USB0-NXP_PROV_1252499284.log:15600:UVM_INFO @23556484 END_SIM:    PPPPP      AA        SSSS    SSSS     ; T=47112969
mdv_rtl.nxf32270.20_08_28_02_30_53_1311_Single_Internal-USDHC1_SD_-938595733.log:9546:UVM_INFO @16744995 END_SIM:    PPPPP      AA        SSSS    SSSS     ; T=33489990
mdv_rtl.nxf32270.20_08_28_02_30_53_1311_UT-A35-LPSPI5-CS0_-1623486458.log:7373:UVM_INFO @1955064 END_SIM:    PPPPP      AA        SSSS    SSSS     ; T=3910129
mdv_rtl.nxf32270.20_08_28_02_30_53_1311_Single_Internal-FlexSPI2_NAND-NXP_FR_-765197985.log:9641:UVM_INFO @21453923 END_SIM:    PPPPP      AA        SSSS    SSSS     ; T=42907846
mdv_rtl.nxf32270.20_08_28_02_30_53_1311_UT-USDHC2-SDXC_1554692564.log:8234:UVM_INFO @7606415 END_SIM:    PPPPP      AA        SSSS    SSSS     ; T=15212831
mdv_rtl.nxf32270.20_08_28_02_30_53_1311_UT-USDHC2-emmc44_-769989288.log:11068:UVM_INFO @5527407 END_SIM:    PPPPP      AA        SSSS    SSSS     ; T=11054815
mdv_rtl.nxf32270.20_08_28_02_30_53_1311_MISC-Test_Mode_842233578.log:14401:UVM_INFO @19525467 END_SIM:    PPPPP      AA        SSSS    SSSS     ; T=39050934
mdv_rtl.nxf32270.20_08_28_02_30_53_1311_MISC-InfiniteLoop_2098951387.log:7149:UVM_INFO @1832106 END_SIM:    PPPPP      AA        SSSS    SSSS     ; T=3664212
mdv_rtl.nxf32270.20_08_28_02_30_53_1311_UT-USDHC1-emmc45_-1749550678.log:11033:UVM_INFO @4810668 END_SIM:    PPPPP      AA        SSSS    SSSS     ; T=9621337
mdv_rtl.nxf32270.20_08_28_02_30_53_1311_UT-USDHC0-emmc45_-1067089342.log:10707:UVM_INFO @4275684 END_SIM:    PPPPP      AA        SSSS    SSSS     ; T=8551368
mdv_rtl.nxf32270.20_08_28_02_30_53_1311_Single_Internal-FlexSPI2_NAND_SND_2MB_Data_Corrupt_1195877856.log:11225:UVM_INFO @23562950 END_SIM:    PPPPP      AA        SSSS    SSSS     ; T=47125900
mdv_rtl.nxf32270.20_08_28_02_30_53_1311_UT-USDHC2-emmc45_1950365899.log:10707:UVM_INFO @4296657 END_SIM:    PPPPP      AA        SSSS    SSSS     ; T=8593313
mdv_rtl.nxf32270.20_08_28_02_30_53_1311_Single_Internal-USDHC0_SD-SDR12_960673813.log:9546:UVM_INFO @16746949 END_SIM:    PPPPP      AA        SSSS    SSSS     ; T=33493898
mdv_rtl.nxf32270.20_08_28_02_30_53_1311_Single_Internal-USDHC1_SD-OEM_FR_1110811289.log:9546:UVM_INFO @16745449 END_SIM:    PPPPP      AA        SSSS    SSSS     ; T=33490898
mdv_rtl.nxf32270.20_08_28_02_30_53_1311_UT-USDHC1-SDXC_-1292721201.log:8519:UVM_INFO @7951183 END_SIM:    PPPPP      AA        SSSS    SSSS     ; T=15902367
mdv_rtl.nxf32270.20_08_28_02_30_53_1311_Dual_Internal-CM33_FlexSPI0_NOR-A35_FlexSPI2_NAND_Invalid-LPSPI5-CS1_Recovery_-1434577117.log:11950:UVM_INFO @35611948 END_SIM:    PPPPP      AA        SSSS    SSSS     ; T=71223896
mdv_rtl.nxf32270.20_08_28_02_30_53_1311_UT-FlexSPI0_NOR_Quad_TEST_-405252794.log:9004:UVM_INFO @3394904 END_SIM:    PPPPP      AA        SSSS    SSSS     ; T=6789809
mdv_rtl.nxf32270.20_08_28_02_30_53_1311_MISC-Fuse_Not_Below_317116221.log:11394:UVM_INFO @60470935 END_SIM:    PPPPP      AA        SSSS    SSSS     ; T=120941869
mdv_rtl.nxf32270.20_08_28_02_30_53_1311_FUSE_TEST-DUAL_BOOT-SOSC_SRC_CRYSTAL_157193634.log:11104:UVM_INFO @23440882 END_SIM:    PPPPP      AA        SSSS    SSSS     ; T=46881763
mdv_rtl.nxf32270.20_08_28_02_30_53_1311_MISC-TEST-Resume_APD_PowerDown_InValid_Entry_1684320955.log:11106:UVM_INFO @23444585 END_SIM:    PPPPP      AA        SSSS    SSSS     ; T=46889169
mdv_rtl.nxf32270.20_08_28_02_30_53_1311_UT-USDHC1-emmc44_-236795678.log:11430:UVM_INFO @6165447 END_SIM:    PPPPP      AA        SSSS    SSSS     ; T=12330894
mdv_rtl.nxf32270.20_08_28_02_30_53_1311_MISC-TEST-Resume_RTD_PowerDown_Valid_Entry_uPower_FW_LOAD_1_128726715.log:10250:UVM_INFO @59191913 END_SIM:    PPPPP      AA        SSSS    SSSS     ; T=118383825
mdv_rtl.nxf32270.20_08_28_02_30_53_1311_UT-FlexSPI2_NOR_Octal_TEST_-712291843.log:27978:UVM_INFO @5749308 END_SIM:    PPPPP      AA        SSSS    SSSS     ; T=11498616
mdv_rtl.nxf32270.20_08_28_02_30_53_1311_FUSE_TEST-DUAL_BOOT-FRO_SC_TRIM_121655979.log:11104:UVM_INFO @23493880 END_SIM:    PPPPP      AA        SSSS    SSSS     ; T=46987761
mdv_rtl.nxf32270.20_08_28_02_30_53_1311_Single_Internal-USDHC1_SD_SND_4MB_Ctnr_Corrupt_-1077694309.log:11442:UVM_INFO @25895518 END_SIM:    PPPPP      AA        SSSS    SSSS     ; T=51791037
mdv_rtl.nxf32270.20_08_28_02_30_53_1311_FUSE_TEST-DUAL_BOOT-EOSC_Freq_30M_1137912351.log:11109:UVM_INFO @23614463 END_SIM:    PPPPP      AA        SSSS    SSSS     ; T=47228925
mdv_rtl.nxf32270.20_08_28_02_30_53_1311_MISC-TEST-Resume_APD_PowerDown_Valid_Entry_-1569708721.log:11120:UVM_INFO @24008838 END_SIM:    PPPPP      AA        SSSS    SSSS     ; T=48017675
mdv_rtl.nxf32270.20_08_28_02_30_53_1311_Serial_Download-USB0-AZURE_Enable-NXP_PROV_-2116109434.log:15615:UVM_INFO @23558492 END_SIM:    PPPPP      AA        SSSS    SSSS     ; T=47116985
mdv_rtl.nxf32270.20_08_28_02_30_53_1311_FUSE_TEST-Single_Boot-USDHC0_EMMC-S400_Not_Exist_-168282766.log:9246:UVM_INFO @14416522 END_SIM:    PPPPP      AA        SSSS    SSSS     ; T=28833044
mdv_rtl.nxf32270.20_08_28_02_30_53_1311_FUSE_TEST-DUAL_BOOT-Boot_Failure_Pin_2038376973.log:7258:UVM_INFO @1864655 END_SIM:    PPPPP      AA        SSSS    SSSS     ; T=3729311
mdv_rtl.nxf32270.20_08_28_02_30_53_1311_FUSE_TEST-DUAL_BOOT-RTD_FRO_DIVCORE0_-107641659.log:14741:UVM_INFO @95073721 END_SIM:    PPPPP      AA        SSSS    SSSS     ; T=190147441
mdv_rtl.nxf32270.20_08_28_02_30_53_1311_FUSE_TEST-DUAL_BOOT-EOSC_Freq_26M_-1347844735.log:11209:UVM_INFO @26210621 END_SIM:    PPPPP      AA        SSSS    SSSS     ; T=52421242
mdv_rtl.nxf32270.20_08_28_02_30_53_1311_FUSE_TEST-A35_ICACHE_DISABLE_26287990.log:11101:UVM_INFO @23489763 END_SIM:    PPPPP      AA        SSSS    SSSS     ; T=46979525
mdv_rtl.nxf32270.20_08_28_02_30_53_1311_FUSE_TEST-Serial_Download-USB0_SDP_DISABLE_403012464.log:9611:UVM_INFO @3201000 END_SIM:    PPPPP      AA        SSSS    SSSS     ; T=6402000
mdv_rtl.nxf32270.20_08_28_02_30_53_1311_FUSE_TEST-DUAL_BOOT-APD_FRO_DIVCORE1_1463183472.log:11038:UVM_INFO @23839328 END_SIM:    PPPPP      AA        SSSS    SSSS     ; T=47678656
mdv_rtl.nxf32270.20_08_28_02_30_53_1311_FUSE_TEST-DUAL_BOOT-RTD_PLLPFD0_DIVCORE1_111709748.log:12339:UVM_INFO @41985349 END_SIM:    PPPPP      AA        SSSS    SSSS     ; T=83970697
mdv_rtl.nxf32270.20_08_28_02_30_53_1311_FUSE_TEST-M33_ICACHE_DISABLE_563892578.log:10927:UVM_INFO @23150033 END_SIM:    PPPPP      AA        SSSS    SSSS     ; T=46300066
mdv_rtl.nxf32270.20_08_28_02_30_53_1311_Single_Internal-FlexSPI2_NAND_Set1_Newer_But_Data_Corrupt_286183365.log:11222:UVM_INFO @23566991 END_SIM:    PPPPP      AA        SSSS    SSSS     ; T=47133982
mdv_rtl.nxf32270.20_08_28_02_30_53_1311_Dual_Internal-CM33_FlexSPI0_NOR-A35_FlexSPI2_NAND_Invalid-LPSPI5-CS0_Recovery_-1640847562.log:11950:UVM_INFO @35632230 END_SIM:    PPPPP      AA        SSSS    SSSS     ; T=71264460
mdv_rtl.nxf32270.20_08_28_02_30_53_1311_FUSE_TEST-DUAL_BOOT-APD_FRO_DIVCORE0_-186183221.log:11038:UVM_INFO @23839328 END_SIM:    PPPPP      AA        SSSS    SSSS     ; T=47678656
mdv_rtl.nxf32270.20_08_28_02_30_53_1311_FUSE_TEST-DUAL_BOOT-APD_PLLPFD0_DIVCORE1_1G_1245568023.log:11092:UVM_INFO @23542788 END_SIM:    PPPPP      AA        SSSS    SSSS     ; T=47085576
mdv_rtl.nxf32270.20_08_28_02_30_53_1311_FUSE_TEST-DUAL_BOOT-M33_WDOG_ENABLE-A35_WDOG_ENABLE_-1714372056.log:11113:UVM_INFO @23547777 END_SIM:    PPPPP      AA        SSSS    SSSS     ; T=47095554
mdv_rtl.nxf32270.20_08_28_02_30_53_1311_FUSE_TEST-DUAL_BOOT-PLL_LOCK_OVERRIDE_-941985565.log:11104:UVM_INFO @23497785 END_SIM:    PPPPP      AA        SSSS    SSSS     ; T=46995570
mdv_rtl.nxf32270.20_08_28_02_30_53_1311_Single_Internal-USDHC1_SD-NXP_FR_796395766.log:9781:UVM_INFO @20781987 END_SIM:    PPPPP      AA        SSSS    SSSS     ; T=41563973
mdv_rtl.nxf32270.20_08_28_02_30_53_1311_Dual_Internal-CM33_FlexSPI0_NOR-A35_FlexSPI2_NAND-OEM_LOCKED_-1308513275.log:10930:UVM_INFO @22741708 END_SIM:    PPPPP      AA        SSSS    SSSS     ; T=45483415
mdv_rtl.nxf32270.20_08_28_02_30_53_1311_Dual_Internal_CM33_FlexSPI0_NOR_RECOVERY_LPSPI0_CS0-A35-USDHC0_SD_-927426709.log:13453:UVM_INFO @57093196 END_SIM:    PPPPP      AA        SSSS    SSSS     ; T=114186391
mdv_rtl.nxf32270.20_08_28_02_30_53_1311_Single_Internal-FlexSPI2_NAND-OEM_LOCKED_-264674911.log:9411:UVM_INFO @17468979 END_SIM:    PPPPP      AA        SSSS    SSSS     ; T=34937959
mdv_rtl.nxf32270.20_08_28_02_30_53_1311_Dual_Internal-CM33_FlexSPI0_NOR-A35_USDHC0_SD-NMI0_-1687389069.log:11124:UVM_INFO @23474797 END_SIM:    PPPPP      AA        SSSS    SSSS     ; T=46949593
mdv_rtl.nxf32270.20_08_28_02_30_53_1311_Serial_Download-USB0-AZURE_Enable-NXP_FR_-1327683045.log:15633:UVM_INFO @23610938 END_SIM:    PPPPP      AA        SSSS    SSSS     ; T=47221876
mdv_rtl.nxf32270.20_08_28_02_30_53_1311_Dual_Internal-CM33_FlexSPI0_NOR-A35_USDHC0_SD-NMI1_-1413065975.log:11124:UVM_INFO @23513494 END_SIM:    PPPPP      AA        SSSS    SSSS     ; T=47026988
mdv_rtl.nxf32270.20_08_28_02_30_53_1311_FUSE_TEST-DUAL_BOOT-EOSC_Freq_19.2M_492532974.log:9141:UVM_INFO @14808977 END_SIM:    PPPPP      AA        SSSS    SSSS     ; T=29617955
mdv_rtl.nxf32270.20_08_28_02_30_53_1311_Dual_Internal-CM33_FlexSPI0_NOR-A35_FlexSPI2_NAND_Invalid-USDHC1_SD_Recovery_1559502307.log:11950:UVM_INFO @25126501 END_SIM:    PPPPP      AA        SSSS    SSSS     ; T=50253003
mdv_rtl.nxf32270.20_08_28_02_30_53_1311_Serial_Download-USB0-AZURE_Enable-FAB_2038149355.log:15681:UVM_INFO @23555010 END_SIM:    PPPPP      AA        SSSS    SSSS     ; T=47110019
mdv_rtl.nxf32270.20_08_28_02_30_53_1311_UT-FlexSPI2_NOR_Hyperflash_TEST_-1539535384.log:8644:UVM_INFO @3086119 END_SIM:    PPPPP      AA        SSSS    SSSS     ; T=6172238
mdv_rtl.nxf32270.20_08_28_02_30_53_1311_Single_Internal-FlexSPI2_NAND-OEM_FR_-634911071.log:9413:UVM_INFO @17521946 END_SIM:    PPPPP      AA        SSSS    SSSS     ; T=35043892
mdv_rtl.nxf32270.20_08_28_02_30_53_1311_Single_Internal-USDHC1_SD-FAB_460819312.log:9780:UVM_INFO @20782428 END_SIM:    PPPPP      AA        SSSS    SSSS     ; T=41564856
mdv_rtl.nxf32270.20_08_28_02_30_53_1311_Dual_Internal-CM33_FlexSPI0_NOR-A35_USDHC0_eMMC44_Invalid-USDHC1_SD_Recovery_1968893830.log:12660:UVM_INFO @28676517 END_SIM:    PPPPP      AA        SSSS    SSSS     ; T=57353033
mdv_rtl.nxf32270.20_08_28_02_30_53_1311_UT-A35-LPSPI5-CS1_799893812.log:7373:UVM_INFO @1955125 END_SIM:    PPPPP      AA        SSSS    SSSS     ; T=3910250
mdv_rtl.nxf32270.20_08_28_02_30_53_1311_MISC-TEST-Resume_RTD_PowerDown_InValid_Entry_-1435579743.log:14091:UVM_INFO @117550325 END_SIM:    PPPPP      AA        SSSS    SSSS     ; T=235100649
mdv_rtl.nxf32270.20_08_28_02_30_53_1311_UT-USB0-20-HS_test_929640295.log:8265:UVM_INFO @5506656 END_SIM:    PPPPP      AA        SSSS    SSSS     ; T=11013311
mdv_rtl.nxf32270.20_08_28_02_30_53_1311_MISC-TEST-SDP-FORCE_INTERNAL_BOOT_312681136.log:9597:UVM_INFO @17568492 END_SIM:    PPPPP      AA        SSSS    SSSS     ; T=35136985
mdv_rtl.nxf32270.20_08_28_02_30_53_1311_UT-FlexSPI2_NOR_Misc_TEST_-134309979.log:7380:UVM_INFO @2927534 END_SIM:    PPPPP      AA        SSSS    SSSS     ; T=5855069
mdv_rtl.nxf32270.20_08_28_02_30_53_1311_FUSE_TEST-Serial_Download-SDP_DISABLE_463709700.log:12038:UVM_INFO @3201000 END_SIM:    PPPPP      AA        SSSS    SSSS     ; T=6402000
mdv_rtl.nxf32270.20_08_28_02_30_53_1311_Serial_Download-USB0-OEM_FR_1829422282.log:14413:UVM_INFO @19520963 END_SIM:    PPPPP      AA        SSSS    SSSS     ; T=39041927
mdv_rtl.nxf32270.20_08_28_02_30_53_1311_FUSE_TEST-Serial_Download-USB1_SDP_DISABLE_USEUSB0_-1590593703.log:14443:UVM_INFO @19517956 END_SIM:    PPPPP      AA        SSSS    SSSS     ; T=39035911
mdv_rtl.nxf32270.20_08_28_02_30_53_1311_MISC-TEST-Resume_APD_DeepPowerDown_-736065769.log:12303:UVM_INFO @33036730 END_SIM:    PPPPP      AA        SSSS    SSSS     ; T=66073460
mdv_rtl.nxf32270.20_08_28_02_30_53_1311_UT-USDHC0-emmc44_427348035.log:11068:UVM_INFO @5506359 END_SIM:    PPPPP      AA        SSSS    SSSS     ; T=11012718
mdv_rtl.nxf32270.20_08_28_02_30_53_1311_FUSE_TEST-Single_Boot-USDHC0_EMMC-S400_FW_PRESENET_-1873973567.log:8082:UVM_INFO @3544468 END_SIM:    PPPPP      AA        SSSS    SSSS     ; T=7088936
mdv_rtl.nxf32270.20_08_28_02_30_53_1311_UT-FlexSPI2_NOR_OPI_TEST_-931688331.log:8860:UVM_INFO @2370161 END_SIM:    PPPPP      AA        SSSS    SSSS     ; T=4740322
Single_Internal-FlexSPI2_NOR-AZURE_Enable-FABverilog.log:13312:UVM_INFO @20161473 END_SIM:    PPPPP      AA        SSSS    SSSS     ; T=40322947
Single_Internal-USDHC0_emmc-8bit-DDR-High-FB-noack-AZURE_Enable-NXP_PROVverilog.log:9350:UVM_INFO @19333006 END_SIM:    PPPPP      AA        SSSS    SSSS     ; T=38666012
Single_Internal-FlexSPI2_NOR-AZURE_Enable-NXP_PROVverilog.log:13312:UVM_INFO @20162002 END_SIM:    PPPPP      AA        SSSS    SSSS     ; T=40324005
Single_Internal-USDHC0_emmc-8bit-DDR-High-FB-noack-AZURE_Enable-FABverilog.log:9350:UVM_INFO @19333456 END_SIM:    PPPPP      AA        SSSS    SSSS     ; T=38666912
Single_Internal-USDHC0_emmc-8bit-DDR-High-FB-noack-AZURE_Enable-NXP_FRverilog.log:9350:UVM_INFO @19334985 END_SIM:    PPPPP      AA        SSSS    SSSS     ; T=38669970
Dual_Internal-CM33_FlexSPI0_NAND-A35_USDHC0_SD-OEM_OPENverilog.log:9846:UVM_INFO @24857782 END_SIM:    PPPPP      AA        SSSS    SSSS     ; T=49715565
Single_Internal-FlexSPI2_NOR-AZURE_Enable-NXP_FRverilog.log:13314:UVM_INFO @20160948 END_SIM:    PPPPP      AA        SSSS    SSSS     ; T=40321897
